<?xml version="1.0" encoding="UTF-8"?>
<testsuite xmlns:xsi="http://www.w3.org/2001/XMLSchema-instance" xsi:noNamespaceSchemaLocation="https://maven.apache.org/surefire/maven-surefire-plugin/xsd/surefire-test-report.xsd" name="example.TestExample" time="0.792" tests="1" errors="0" skipped="0" failures="1">
  <properties>
[...]
</properties>
  <testcase name="testAll" classname="example.TestExample" time="0.186">
    <failure message="Overlapping slots should fail: expected it.polito.project.ReviewException to be thrown, but nothing was thrown" type="java.lang.AssertionError">java.lang.AssertionError: Overlapping slots should fail: expected it.polito.project.ReviewException to be thrown, but nothing was thrown
	at example.TestExample.testAll(TestExample.java:58)
</failure>
  </testcase>
</testsuite>